Change Component Footprint: Designator=SW2 Old Footprint=TSW DIP-12*12*4.3 New Footprint=TSW DIP-6*6*6
Change Component Footprint: Designator=SW4 Old Footprint=TSW DIP-12*12*4.3 New Footprint=TSW DIP-6*6*6
Change Component Footprint: Designator=SW5 Old Footprint=TSW DIP-12*12*4.3 New Footprint=TSW DIP-6*6*6
Change Component Comment : Designator=SW2 Old Comment=12x12x5 New Comment=6x6x5
Change Component Comment : Designator=SW4 Old Comment=12x12x5 New Comment=6x6x5
Change Component Comment : Designator=SW5 Old Comment=12x12x5 New Comment=6x6x5
Change component parameters: Designator = "SW2"; Footprint = "TSW DIP-6*6*6"; UniqueID = "\NEYJASAF"
Change component parameters. Clean all parameters for all variants
Change component parameters (AddParameter): Name = "BOM名称"; Value = "直插6x6轻触开关"; VariantName = "[No Variations]"
Change component parameters (AddParameter): Name = "唯一出售店铺网址"; Value = "https://shop463601444.taobao.com"; VariantName = "[No Variations]"
Change component parameters (AddParameter): Name = "版权归属"; Value = "封装库来自淘宝 ID：黄晶宝石"; VariantName = "[No Variations]"
Change component parameters: Designator = "SW4"; Footprint = "TSW DIP-6*6*6"; UniqueID = "\ETREQRCR"
Change component parameters. Clean all parameters for all variants
Change component parameters (AddParameter): Name = "BOM名称"; Value = "直插6x6轻触开关"; VariantName = "[No Variations]"
Change component parameters (AddParameter): Name = "唯一出售店铺网址"; Value = "https://shop463601444.taobao.com"; VariantName = "[No Variations]"
Change component parameters (AddParameter): Name = "版权归属"; Value = "封装库来自淘宝 ID：黄晶宝石"; VariantName = "[No Variations]"
Change component parameters: Designator = "SW5"; Footprint = "TSW DIP-6*6*6"; UniqueID = "\OKPJWGDO"
Change component parameters. Clean all parameters for all variants
Change component parameters (AddParameter): Name = "BOM名称"; Value = "直插6x6轻触开关"; VariantName = "[No Variations]"
Change component parameters (AddParameter): Name = "唯一出售店铺网址"; Value = "https://shop463601444.taobao.com"; VariantName = "[No Variations]"
Change component parameters (AddParameter): Name = "版权归属"; Value = "封装库来自淘宝 ID：黄晶宝石"; VariantName = "[No Variations]"
Added Component: Designator=SW3(TSW DIP-6*6*6)
Add component. Clean all parameters for all variants
Add component (AddParameter): Name = "BOM名称"; Value = "直插6x6轻触开关"; VariantName = "[No Variations]"
Add component (AddParameter): Name = "唯一出售店铺网址"; Value = "https://shop463601444.taobao.com"; VariantName = "[No Variations]"
Add component (AddParameter): Name = "版权归属"; Value = "封装库来自淘宝 ID：黄晶宝石"; VariantName = "[No Variations]"
Added Pin To Net: NetName=PA8 Pin=SW3-3
Added Pin To Net: NetName=GND Pin=SW3-4
Added Member To Class: ClassName=Sheet1 Member=Component SW3 6x6x5
Added Room: Name=Sheet1
