Change component parameters: Designator = "V1"; Footprint = "SOT223_L"; UniqueID = "\KHTLRPYD"
Change component parameters. Clean all parameters for all variants
Change component parameters (AddParameter): Name = "BOM名称"; Value = "稳压芯片"; VariantName = "[No Variations]"
Change component parameters (AddParameter): Name = "欢迎光临淘宝店铺"; Value = "https://shop463601444.taobao.com"; VariantName = "[No Variations]"
Change component parameters (AddParameter): Name = "淘宝ID"; Value = "封装库来自淘宝 ID：黄晶宝石"; VariantName = "[No Variations]"
Change component parameters: Designator = "JP1"; Footprint = "HDR2.54-WI-4P"; UniqueID = "\AURUHSVZ"
Change component parameters. Clean all parameters for all variants
Change component parameters (AddParameter): Name = "BOM名称"; Value = "4P接插件"; VariantName = "[No Variations]"
Change component parameters (AddParameter): Name = "学习资源"; Value = "https://shop463601444.taobao.com"; VariantName = "[No Variations]"
Change component parameters (AddParameter): Name = "版权归属"; Value = "封装库来自淘宝 ID：黄晶宝石"; VariantName = "[No Variations]"
Change component parameters: Designator = "JP2"; Footprint = "HDR2.54-LI-2x3P"; UniqueID = "\UWIXAOPL"
Change component parameters. Clean all parameters for all variants
Change component parameters (AddParameter): Name = "BOM名称"; Value = "3*2P接插件"; VariantName = "[No Variations]"
Change component parameters (AddParameter): Name = "学习资源"; Value = "https://shop463601444.taobao.com"; VariantName = "[No Variations]"
Change component parameters (AddParameter): Name = "版权归属"; Value = "封装库来自淘宝 ID：黄晶宝石"; VariantName = "[No Variations]"
Change component parameters: Designator = "JP3"; Footprint = "HDR2.54-LI-5P"; UniqueID = "\DBAOSBLU"
Change component parameters. Clean all parameters for all variants
Change component parameters (AddParameter): Name = "BOM名称"; Value = "5P接插件"; VariantName = "[No Variations]"
Change component parameters (AddParameter): Name = "学习资源"; Value = "https://shop463601444.taobao.com"; VariantName = "[No Variations]"
Change component parameters (AddParameter): Name = "版权归属"; Value = "封装库来自淘宝 ID：黄晶宝石"; VariantName = "[No Variations]"
Change component parameters: Designator = "JP4"; Footprint = "HDR2.54-M-LI-5P"; UniqueID = "\CRNCTQUO"
Change component parameters. Clean all parameters for all variants
Change component parameters (AddParameter): Name = "BOM名称"; Value = "5P接插件"; VariantName = "[No Variations]"
Change component parameters (AddParameter): Name = "学习资源"; Value = "https://shop463601444.taobao.com"; VariantName = "[No Variations]"
Change component parameters (AddParameter): Name = "版权归属"; Value = "封装库来自淘宝 ID：黄晶宝石"; VariantName = "[No Variations]"
Change component parameters: Designator = "JP6"; Footprint = "HDR2.54-M-LI-4P"; UniqueID = "\PFLQYFWE"
Change component parameters. Clean all parameters for all variants
Change component parameters (AddParameter): Name = "BOM名称"; Value = "4P接插件"; VariantName = "[No Variations]"
Change component parameters (AddParameter): Name = "学习资源"; Value = "https://shop463601444.taobao.com"; VariantName = "[No Variations]"
Change component parameters (AddParameter): Name = "版权归属"; Value = "封装库来自淘宝 ID：黄晶宝石"; VariantName = "[No Variations]"
Change component parameters: Designator = "JP8"; Footprint = "HDR2.54-LI-2x4P"; UniqueID = "\PLMITMQP"
Change component parameters. Clean all parameters for all variants
Change component parameters (AddParameter): Name = "BOM名称"; Value = "4*2P接插件"; VariantName = "[No Variations]"
Change component parameters (AddParameter): Name = "学习资源"; Value = "https://shop463601444.taobao.com"; VariantName = "[No Variations]"
Change component parameters (AddParameter): Name = "版权归属"; Value = "封装库来自淘宝 ID：黄晶宝石"; VariantName = "[No Variations]"
Change component parameters: Designator = "SW1"; Footprint = "TSW SMD-3*6*2.5"; UniqueID = "\JJWQTRDZ"
Change component parameters. Clean all parameters for all variants
Change component parameters (AddParameter): Name = "BOM名称"; Value = "3x6轻触开关"; VariantName = "[No Variations]"
Change component parameters (AddParameter): Name = "学习资源"; Value = "https://shop463601444.taobao.com"; VariantName = "[No Variations]"
Change component parameters (AddParameter): Name = "版权归属"; Value = "封装库来自淘宝 ID：黄晶宝石"; VariantName = "[No Variations]"
Change component parameters: Designator = "Y2"; Footprint = "OSC HC-49S"; UniqueID = "\YLGDNTBA"
Change component parameters. Clean all parameters for all variants
Change component parameters (AddParameter): Name = "BOM名称"; Value = "2脚无源脚晶振"; VariantName = "[No Variations]"
Change component parameters (AddParameter): Name = "学习资源"; Value = "https://shop463601444.taobao.com"; VariantName = "[No Variations]"
Change component parameters (AddParameter): Name = "版权归属"; Value = "封装库来自淘宝卖家 ID：黄晶宝石"; VariantName = "[No Variations]"
Change component parameters: Designator = "JP7"; Footprint = "HDR2.54-WI-2P"; UniqueID = "\XBRMXHFH"
Change component parameters. Clean all parameters for all variants
Change component parameters (AddParameter): Name = "BOM名称"; Value = "2P接插件"; VariantName = "[No Variations]"
Change component parameters (AddParameter): Name = "版权归属"; Value = "封装库来自淘宝 ID：黄晶宝石"; VariantName = "[No Variations]"
Change component parameters (AddParameter): Name = "联系售后"; Value = "https://shop463601444.taobao.com"; VariantName = "[No Variations]"
Change component parameters: Designator = "R1"; Footprint = "R 0805_L"; UniqueID = "\BXZYWXCB"
Change component parameters. Clean all parameters for all variants
Change component parameters (AddParameter): Name = "BOM名称"; Value = "贴片电阻"; VariantName = "[No Variations]"
Change component parameters (AddParameter): Name = "封装库来自淘宝卖家 ID：黄晶宝石"; Value = "其他店铺购入均为盗版，不享受售后技术支持服务，请立即申请退款"; VariantName = "[No Variations]"
Change component parameters (AddParameter): Name = "版权归属"; Value = "来自淘宝 ID：黄晶宝石"; VariantName = "[No Variations]"
Change component parameters (AddParameter): Name = "联系售后"; Value = "https://shop463601444.taobao.com"; VariantName = "[No Variations]"
Change component parameters: Designator = "R2"; Footprint = "R 0805_L"; UniqueID = "\AKIHNKJI"
Change component parameters. Clean all parameters for all variants
Change component parameters (AddParameter): Name = "BOM名称"; Value = "贴片电阻"; VariantName = "[No Variations]"
Change component parameters (AddParameter): Name = "封装库来自淘宝卖家 ID：黄晶宝石"; Value = "其他店铺购入均为盗版，不享受售后技术支持服务，请立即申请退款"; VariantName = "[No Variations]"
Change component parameters (AddParameter): Name = "版权归属"; Value = "来自淘宝 ID：黄晶宝石"; VariantName = "[No Variations]"
Change component parameters (AddParameter): Name = "联系售后"; Value = "https://shop463601444.taobao.com"; VariantName = "[No Variations]"
Change component parameters: Designator = "R3"; Footprint = "R 0805_L"; UniqueID = "\CKSJTKQU"
Change component parameters. Clean all parameters for all variants
Change component parameters (AddParameter): Name = "BOM名称"; Value = "贴片电阻"; VariantName = "[No Variations]"
Change component parameters (AddParameter): Name = "封装库来自淘宝卖家 ID：黄晶宝石"; Value = "其他店铺购入均为盗版，不享受售后技术支持服务，请立即申请退款"; VariantName = "[No Variations]"
Change component parameters (AddParameter): Name = "版权归属"; Value = "来自淘宝 ID：黄晶宝石"; VariantName = "[No Variations]"
Change component parameters (AddParameter): Name = "联系售后"; Value = "https://shop463601444.taobao.com"; VariantName = "[No Variations]"
Change component parameters: Designator = "R4"; Footprint = "R 0805_L"; UniqueID = "\KIICWWOM"
Change component parameters. Clean all parameters for all variants
Change component parameters (AddParameter): Name = "BOM名称"; Value = "贴片电阻"; VariantName = "[No Variations]"
Change component parameters (AddParameter): Name = "封装库来自淘宝卖家 ID：黄晶宝石"; Value = "其他店铺购入均为盗版，不享受售后技术支持服务，请立即申请退款"; VariantName = "[No Variations]"
Change component parameters (AddParameter): Name = "版权归属"; Value = "来自淘宝 ID：黄晶宝石"; VariantName = "[No Variations]"
Change component parameters (AddParameter): Name = "联系售后"; Value = "https://shop463601444.taobao.com"; VariantName = "[No Variations]"
Change component parameters: Designator = "R5"; Footprint = "R 0805_L"; UniqueID = "\WEENFYVV"
Change component parameters. Clean all parameters for all variants
Change component parameters (AddParameter): Name = "BOM名称"; Value = "贴片电阻"; VariantName = "[No Variations]"
Change component parameters (AddParameter): Name = "封装库来自淘宝卖家 ID：黄晶宝石"; Value = "其他店铺购入均为盗版，不享受售后技术支持服务，请立即申请退款"; VariantName = "[No Variations]"
Change component parameters (AddParameter): Name = "版权归属"; Value = "来自淘宝 ID：黄晶宝石"; VariantName = "[No Variations]"
Change component parameters (AddParameter): Name = "联系售后"; Value = "https://shop463601444.taobao.com"; VariantName = "[No Variations]"
Change component parameters: Designator = "R6"; Footprint = "R 0805_L"; UniqueID = "\OZRNIVXU"
Change component parameters. Clean all parameters for all variants
Change component parameters (AddParameter): Name = "BOM名称"; Value = "贴片电阻"; VariantName = "[No Variations]"
Change component parameters (AddParameter): Name = "封装库来自淘宝卖家 ID：黄晶宝石"; Value = "其他店铺购入均为盗版，不享受售后技术支持服务，请立即申请退款"; VariantName = "[No Variations]"
Change component parameters (AddParameter): Name = "版权归属"; Value = "来自淘宝 ID：黄晶宝石"; VariantName = "[No Variations]"
Change component parameters (AddParameter): Name = "联系售后"; Value = "https://shop463601444.taobao.com"; VariantName = "[No Variations]"
Change component parameters: Designator = "R7"; Footprint = "R 0805_L"; UniqueID = "\XFIAMSOM"
Change component parameters. Clean all parameters for all variants
Change component parameters (AddParameter): Name = "BOM名称"; Value = "贴片电阻"; VariantName = "[No Variations]"
Change component parameters (AddParameter): Name = "封装库来自淘宝卖家 ID：黄晶宝石"; Value = "其他店铺购入均为盗版，不享受售后技术支持服务，请立即申请退款"; VariantName = "[No Variations]"
Change component parameters (AddParameter): Name = "版权归属"; Value = "来自淘宝 ID：黄晶宝石"; VariantName = "[No Variations]"
Change component parameters (AddParameter): Name = "联系售后"; Value = "https://shop463601444.taobao.com"; VariantName = "[No Variations]"
Change component parameters: Designator = "R8"; Footprint = "R 0805_L"; UniqueID = "\OEWFBRPB"
Change component parameters. Clean all parameters for all variants
Change component parameters (AddParameter): Name = "BOM名称"; Value = "贴片电阻"; VariantName = "[No Variations]"
Change component parameters (AddParameter): Name = "封装库来自淘宝卖家 ID：黄晶宝石"; Value = "其他店铺购入均为盗版，不享受售后技术支持服务，请立即申请退款"; VariantName = "[No Variations]"
Change component parameters (AddParameter): Name = "版权归属"; Value = "来自淘宝 ID：黄晶宝石"; VariantName = "[No Variations]"
Change component parameters (AddParameter): Name = "联系售后"; Value = "https://shop463601444.taobao.com"; VariantName = "[No Variations]"
Change component parameters: Designator = "C1"; Footprint = "C 0805_L"; UniqueID = "\NIMZOQED"
Change component parameters. Clean all parameters for all variants
Change component parameters (AddParameter): Name = "BOM名称"; Value = "无极性贴片电容"; VariantName = "[No Variations]"
Change component parameters (AddParameter): Name = "唯一出售店铺网址"; Value = "https://shop463601444.taobao.com"; VariantName = "[No Variations]"
Change component parameters (AddParameter): Name = "淘宝ID"; Value = "封装库来自淘宝 ID：黄晶宝石"; VariantName = "[No Variations]"
Change component parameters (AddParameter): Name = "联系售后，技术支持"; Value = "https://shop463601444.taobao.com"; VariantName = "[No Variations]"
Change component parameters: Designator = "C2"; Footprint = "C 0805_L"; UniqueID = "\PTJGEDVH"
Change component parameters. Clean all parameters for all variants
Change component parameters (AddParameter): Name = "BOM名称"; Value = "无极性贴片电容"; VariantName = "[No Variations]"
Change component parameters (AddParameter): Name = "唯一出售店铺网址"; Value = "https://shop463601444.taobao.com"; VariantName = "[No Variations]"
Change component parameters (AddParameter): Name = "淘宝ID"; Value = "封装库来自淘宝 ID：黄晶宝石"; VariantName = "[No Variations]"
Change component parameters (AddParameter): Name = "联系售后，技术支持"; Value = "https://shop463601444.taobao.com"; VariantName = "[No Variations]"
Change component parameters: Designator = "C3"; Footprint = "C 0805_L"; UniqueID = "\ZOXATHQA"
Change component parameters. Clean all parameters for all variants
Change component parameters (AddParameter): Name = "BOM名称"; Value = "无极性贴片电容"; VariantName = "[No Variations]"
Change component parameters (AddParameter): Name = "唯一出售店铺网址"; Value = "https://shop463601444.taobao.com"; VariantName = "[No Variations]"
Change component parameters (AddParameter): Name = "淘宝ID"; Value = "封装库来自淘宝 ID：黄晶宝石"; VariantName = "[No Variations]"
Change component parameters (AddParameter): Name = "联系售后，技术支持"; Value = "https://shop463601444.taobao.com"; VariantName = "[No Variations]"
Change component parameters: Designator = "C4"; Footprint = "C 0805_L"; UniqueID = "\VRJRBKFW"
Change component parameters. Clean all parameters for all variants
Change component parameters (AddParameter): Name = "BOM名称"; Value = "无极性贴片电容"; VariantName = "[No Variations]"
Change component parameters (AddParameter): Name = "唯一出售店铺网址"; Value = "https://shop463601444.taobao.com"; VariantName = "[No Variations]"
Change component parameters (AddParameter): Name = "淘宝ID"; Value = "封装库来自淘宝 ID：黄晶宝石"; VariantName = "[No Variations]"
Change component parameters (AddParameter): Name = "联系售后，技术支持"; Value = "https://shop463601444.taobao.com"; VariantName = "[No Variations]"
Change component parameters: Designator = "C5"; Footprint = "C 0805_L"; UniqueID = "\IXGXGPXR"
Change component parameters. Clean all parameters for all variants
Change component parameters (AddParameter): Name = "BOM名称"; Value = "无极性贴片电容"; VariantName = "[No Variations]"
Change component parameters (AddParameter): Name = "唯一出售店铺网址"; Value = "https://shop463601444.taobao.com"; VariantName = "[No Variations]"
Change component parameters (AddParameter): Name = "淘宝ID"; Value = "封装库来自淘宝 ID：黄晶宝石"; VariantName = "[No Variations]"
Change component parameters (AddParameter): Name = "联系售后，技术支持"; Value = "https://shop463601444.taobao.com"; VariantName = "[No Variations]"
Change component parameters: Designator = "C6"; Footprint = "C 0805_L"; UniqueID = "\YSSNNQBB"
Change component parameters. Clean all parameters for all variants
Change component parameters (AddParameter): Name = "BOM名称"; Value = "无极性贴片电容"; VariantName = "[No Variations]"
Change component parameters (AddParameter): Name = "唯一出售店铺网址"; Value = "https://shop463601444.taobao.com"; VariantName = "[No Variations]"
Change component parameters (AddParameter): Name = "淘宝ID"; Value = "封装库来自淘宝 ID：黄晶宝石"; VariantName = "[No Variations]"
Change component parameters (AddParameter): Name = "联系售后，技术支持"; Value = "https://shop463601444.taobao.com"; VariantName = "[No Variations]"
Change component parameters: Designator = "C7"; Footprint = "C 0805_L"; UniqueID = "\MDDLYZIM"
Change component parameters. Clean all parameters for all variants
Change component parameters (AddParameter): Name = "BOM名称"; Value = "无极性贴片电容"; VariantName = "[No Variations]"
Change component parameters (AddParameter): Name = "唯一出售店铺网址"; Value = "https://shop463601444.taobao.com"; VariantName = "[No Variations]"
Change component parameters (AddParameter): Name = "淘宝ID"; Value = "封装库来自淘宝 ID：黄晶宝石"; VariantName = "[No Variations]"
Change component parameters (AddParameter): Name = "联系售后，技术支持"; Value = "https://shop463601444.taobao.com"; VariantName = "[No Variations]"
Change component parameters: Designator = "C8"; Footprint = "C 0805_L"; UniqueID = "\IAYLEJJY"
Change component parameters. Clean all parameters for all variants
Change component parameters (AddParameter): Name = "BOM名称"; Value = "无极性贴片电容"; VariantName = "[No Variations]"
Change component parameters (AddParameter): Name = "唯一出售店铺网址"; Value = "https://shop463601444.taobao.com"; VariantName = "[No Variations]"
Change component parameters (AddParameter): Name = "淘宝ID"; Value = "封装库来自淘宝 ID：黄晶宝石"; VariantName = "[No Variations]"
Change component parameters (AddParameter): Name = "联系售后，技术支持"; Value = "https://shop463601444.taobao.com"; VariantName = "[No Variations]"
Change component parameters: Designator = "C9"; Footprint = "C 0805_L"; UniqueID = "\TDAZQDUM"
Change component parameters. Clean all parameters for all variants
Change component parameters (AddParameter): Name = "BOM名称"; Value = "无极性贴片电容"; VariantName = "[No Variations]"
Change component parameters (AddParameter): Name = "唯一出售店铺网址"; Value = "https://shop463601444.taobao.com"; VariantName = "[No Variations]"
Change component parameters (AddParameter): Name = "淘宝ID"; Value = "封装库来自淘宝 ID：黄晶宝石"; VariantName = "[No Variations]"
Change component parameters (AddParameter): Name = "联系售后，技术支持"; Value = "https://shop463601444.taobao.com"; VariantName = "[No Variations]"
Added Component: Designator=JP5(HDR2.54-M-LI-4P)
Add component. Clean all parameters for all variants
Add component (AddParameter): Name = "BOM名称"; Value = "4P接插件"; VariantName = "[No Variations]"
Add component (AddParameter): Name = "学习资源"; Value = "https://shop463601444.taobao.com"; VariantName = "[No Variations]"
Add component (AddParameter): Name = "版权归属"; Value = "封装库来自淘宝 ID：黄晶宝石"; VariantName = "[No Variations]"
Added Pin To Net: NetName=PA9 Pin=JP5-1
Added Pin To Net: NetName=PA10 Pin=JP5-2
Added Pin To Net: NetName=GND Pin=JP5-3
Added Pin To Net: NetName=+5 Pin=JP5-4
Added Member To Class: ClassName=Sheet1 Member=Component JP5 HDR-1X4
Added Room: Name=Sheet1
