CMSIS_AGDI.DLL - CMSIS-DAP Driver Log

22:04:06:447 (24/02/2021) - START SEQUENCE "InitTarget", "default" - ID 0
22:04:06:447 (24/02/2021) - START SEQUENCE "InitInternals", "default" - ID 1
22:04:06:447 (24/02/2021) - START SEQUENCE "InitDriver", "default" - ID 2
22:04:06:447 (24/02/2021) - END SEQUENCE "InitDriver", "success" - ID 3
22:04:06:447 (24/02/2021) - START SEQUENCE "InitDebugger", "default" - ID 4
22:04:06:540 (24/02/2021) - END SEQUENCE "InitDebugger", "success" - ID 5
22:04:06:540 (24/02/2021) - END SEQUENCE "InitInternals", "success" - ID 6
22:04:06:540 (24/02/2021) - START SEQUENCE "DebugPortSetup", "default" - ID 7
22:04:06:556 (24/02/2021) - END SEQUENCE "DebugPortSetup", "success" - ID 8
22:04:06:557 (24/02/2021) - START SEQUENCE "DebugGetDeviceList", "default" - ID 9
22:04:06:563 (24/02/2021) - END SEQUENCE "DebugGetDeviceList", "success" - ID 10
22:04:06:564 (24/02/2021) - START SEQUENCE "PDSCDebug_DebugGetDeviceNames", "default" - ID 11
22:04:06:564 (24/02/2021) - END SEQUENCE "PDSCDebug_DebugGetDeviceNames", "success" - ID 12
  22:04:06:564 (24/02/2021) - START SEQUENCE "DebugPortStart", "default" - ID 13
  22:04:06:577 (24/02/2021) - END SEQUENCE "DebugPortStart", "success" - ID 14
  22:04:06:587 (24/02/2021) - READ  AP  Access, AP 0x00000000, Addr 0x000000FC, Val 0x24770011, "SWD Read AP - Success" - ID 0
22:04:06:608 (24/02/2021) - START SEQUENCE "DebugReadDAPFeatures", "default" - ID 15
22:04:06:608 (24/02/2021) - START SEQUENCE "_EvalDPID", "default" - ID 16
22:04:06:608 (24/02/2021) - END SEQUENCE "_EvalDPID", "success" - ID 17
22:04:06:612 (24/02/2021) - WRITE DP  Access, Addr 0x00000008, Val 0x00000000, "DAP Write DP - Success" - ID 1
22:04:06:615 (24/02/2021) - WRITE AP  Access, AP 0x00000000, Addr 0x00000000, Val 0x23000052, "DAP Write AP - Success" - ID 2
22:04:06:615 (24/02/2021) - END SEQUENCE "DebugReadDAPFeatures", "success" - ID 18
22:04:06:615 (24/02/2021) - START SEQUENCE "DebugDeviceUnlock", "calling sequence" - ID 19
22:04:06:623 (24/02/2021) - READ  AP  Access, AP 0x00000000, Addr 0x000000F8, Val 0xE00FF003, "DAP Read AP - Success" - ID 3
22:04:06:635 (24/02/2021) - READ  MEM BLOCK Access, AP 0x00000000, Start Addr 0xE00FFFE4, End Addr 0xE00FFFE7, "DAP Read Memory Block (32-bit accesses) - Success" - ID 4
  Item #0, AP 0, Addr 0xE00FFFE4, Value 0x00000052
22:04:06:645 (24/02/2021) - READ  MEM BLOCK Access, AP 0x00000000, Start Addr 0xE00FFFE8, End Addr 0xE00FFFEB, "DAP Read Memory Block (32-bit accesses) - Success" - ID 5
  Item #0, AP 0, Addr 0xE00FFFE8, Value 0x00000005
22:04:06:645 (24/02/2021) - START SEQUENCE "DebugReadTargetFeatures", "default" - ID 20
22:04:06:645 (24/02/2021) - START SEQUENCE "DebugReadRomTable", "default" - ID 21
22:04:06:652 (24/02/2021) - READ  AP  Access, AP 0x00000000, Addr 0x000000F8, Val 0xE00FF003, "DAP Read AP - Success" - ID 6
22:04:06:667 (24/02/2021) - READ  MEM BLOCK Access, AP 0x00000000, Start Addr 0xE00FFFE4, End Addr 0xE00FFFE7, "DAP Read Memory Block (32-bit accesses) - Success" - ID 7
  Item #0, AP 0, Addr 0xE00FFFE4, Value 0x00000052
22:04:06:676 (24/02/2021) - READ  MEM BLOCK Access, AP 0x00000000, Start Addr 0xE00FFFE8, End Addr 0xE00FFFEB, "DAP Read Memory Block (32-bit accesses) - Success" - ID 8
  Item #0, AP 0, Addr 0xE00FFFE8, Value 0x00000005
22:04:06:676 (24/02/2021) - END SEQUENCE "DebugReadRomTable", "failed" - ID 22
22:04:06:676 (24/02/2021) - END SEQUENCE "DebugReadTargetFeatures", "failed" - ID 23
22:07:40:722 (24/02/2021) - END SEQUENCE "InitTarget", "failed" - ID 24
22:07:40:722 (24/02/2021) - START SEQUENCE "StopTarget", "default" - ID 25
22:07:40:731 (24/02/2021) - WRITE MEM BLOCK Access, AP 0x00000000, Start Addr 0x00000000, End Addr 0x00000007, "DAP Write Memory Block - FAILED" - ID 9
22:07:40:732 (24/02/2021) - START SEQUENCE "_UnInitTrace", "default" - ID 26
22:07:40:732 (24/02/2021) - END SEQUENCE "_UnInitTrace", "success" - ID 27
22:07:40:732 (24/02/2021) - START SEQUENCE "DebugPortStop", "default" - ID 28
22:07:40:735 (24/02/2021) - WRITE DP  Access, Addr 0x00000004, Val 0x00000000, "DAP Write DP - Success" - ID 10
22:07:40:735 (24/02/2021) - END SEQUENCE "DebugPortStop", "success" - ID 29
22:07:40:735 (24/02/2021) - START SEQUENCE "UnInitDebugger", "default" - ID 30
22:07:40:743 (24/02/2021) - END SEQUENCE "UnInitDebugger", "success" - ID 31
22:07:40:743 (24/02/2021) - START SEQUENCE "_UnInitDriver", "default" - ID 32
22:07:40:743 (24/02/2021) - END SEQUENCE "_UnInitDriver", "success" - ID 33
22:07:40:743 (24/02/2021) - END SEQUENCE "StopTarget", "success" - ID 34
